<?xml version="1.0" encoding="UTF-8"?>
<testsuite xmlns:xsi="http://www.w3.org/2001/XMLSchema-instance" xsi:noNamespaceSchemaLocation="https://maven.apache.org/surefire/maven-surefire-plugin/xsd/surefire-test-report.xsd" name="com.parkit.parkingsystem.dao.TicketDAOTest" time="0.407" tests="3" errors="0" skipped="0" failures="0">
  <properties>
    <property name="java.specification.version" value="16"/>
    <property name="sun.jnu.encoding" value="UTF-8"/>
    <property name="java.class.path" value="/Users/antoinemulpas/Documents/OpenClassrooms/parkingsystem-master/target/test-classes:/Users/antoinemulpas/Documents/OpenClassrooms/parkingsystem-master/target/classes:/Users/antoinemulpas/.m2/repository/com/github/spotbugs/spotbugs-maven-plugin/4.7.0.0/spotbugs-maven-plugin-4.7.0.0.jar:/Users/antoinemulpas/.m2/repository/com/github/spotbugs/spotbugs/4.7.0/spotbugs-4.7.0.jar:/Users/antoinemulpas/.m2/repository/org/apache/bcel/bcel/6.5.0/bcel-6.5.0.jar:/Users/antoinemulpas/.m2/repository/net/jcip/jcip-annotations/1.0/jcip-annotations-1.0.jar:/Users/antoinemulpas/.m2/repository/org/dom4j/dom4j/2.1.3/dom4j-2.1.3.jar:/Users/antoinemulpas/.m2/repository/org/apache/commons/commons-text/1.9/commons-text-1.9.jar:/Users/antoinemulpas/.m2/repository/com/github/spotbugs/spotbugs-annotations/4.7.0/spotbugs-annotations-4.7.0.jar:/Users/antoinemulpas/.m2/repository/com/google/code/findbugs/jsr305/3.0.2/jsr305-3.0.2.jar:/Users/antoinemulpas/.m2/repository/com/google/code/gson/gson/2.9.0/gson-2.9.0.jar:/Users/antoinemulpas/.m2/repository/jaxen/jaxen/1.2.0/jaxen-1.2.0.jar:/Users/antoinemulpas/.m2/repository/net/sf/saxon/Saxon-HE/11.3/Saxon-HE-11.3.jar:/Users/antoinemulpas/.m2/repository/org/xmlresolver/xmlresolver/4.2.0/xmlresolver-4.2.0.jar:/Users/antoinemulpas/.m2/repository/xml-apis/xml-apis/1.4.01/xml-apis-1.4.01.jar:/Users/antoinemulpas/.m2/repository/org/xmlresolver/xmlresolver/4.2.0/xmlresolver-4.2.0-data.jar:/Users/antoinemulpas/.m2/repository/org/slf4j/jcl-over-slf4j/1.7.36/jcl-over-slf4j-1.7.36.jar:/Users/antoinemulpas/.m2/repository/org/slf4j/slf4j-api/1.7.36/slf4j-api-1.7.36.jar:/Users/antoinemulpas/.m2/repository/org/slf4j/slf4j-simple/1.7.36/slf4j-simple-1.7.36.jar:/Users/antoinemulpas/.m2/repository/org/apache/ant/ant/1.10.12/ant-1.10.12.jar:/Users/antoinemulpas/.m2/repository/org/apache/ant/ant-launcher/1.10.12/ant-launcher-1.10.12.jar:/Users/antoinemulpas/.m2/repository/org/apache/groovy/groovy/4.0.2/groovy-4.0.2.jar:/Users/antoinemulpas/.m2/repository/org/apache/groovy/groovy-ant/4.0.2/groovy-ant-4.0.2.jar:/Users/antoinemulpas/.m2/repository/org/apache/groovy/groovy-groovydoc/4.0.2/groovy-groovydoc-4.0.2.jar:/Users/antoinemulpas/.m2/repository/org/apache/groovy/groovy-dateutil/4.0.2/groovy-dateutil-4.0.2.jar:/Users/antoinemulpas/.m2/repository/org/apache/groovy/groovy-docgenerator/4.0.2/groovy-docgenerator-4.0.2.jar:/Users/antoinemulpas/.m2/repository/com/thoughtworks/qdox/qdox/1.12.1/qdox-1.12.1.jar:/Users/antoinemulpas/.m2/repository/org/apache/groovy/groovy-json/4.0.2/groovy-json-4.0.2.jar:/Users/antoinemulpas/.m2/repository/org/apache/groovy/groovy-templates/4.0.2/groovy-templates-4.0.2.jar:/Users/antoinemulpas/.m2/repository/org/apache/groovy/groovy-xml/4.0.2/groovy-xml-4.0.2.jar:/Users/antoinemulpas/.m2/repository/org/apache/maven/reporting/maven-reporting-impl/3.1.0/maven-reporting-impl-3.1.0.jar:/Users/antoinemulpas/.m2/repository/org/apache/maven/reporting/maven-reporting-api/3.1.0/maven-reporting-api-3.1.0.jar:/Users/antoinemulpas/.m2/repository/org/apache/maven/shared/maven-artifact-transfer/0.13.1/maven-artifact-transfer-0.13.1.jar:/Users/antoinemulpas/.m2/repository/org/codehaus/plexus/plexus-component-annotations/2.0.0/plexus-component-annotations-2.0.0.jar:/Users/antoinemulpas/.m2/repository/org/apache/maven/shared/maven-common-artifact-filters/3.2.0/maven-common-artifact-filters-3.2.0.jar:/Users/antoinemulpas/.m2/repository/org/eclipse/aether/aether-api/0.9.0.M2/aether-api-0.9.0.M2.jar:/Users/antoinemulpas/.m2/repository/org/eclipse/aether/aether-util/0.9.0.M2/aether-util-0.9.0.M2.jar:/Users/antoinemulpas/.m2/repository/org/eclipse/sisu/org.eclipse.sisu.plexus/0.0.0.M5/org.eclipse.sisu.plexus-0.0.0.M5.jar:/Users/antoinemulpas/.m2/repository/javax/enterprise/cdi-api/1.0/cdi-api-1.0.jar:/Users/antoinemulpas/.m2/repository/javax/annotation/jsr250-api/1.0/jsr250-api-1.0.jar:/Users/antoinemulpas/.m2/repository/com/google/guava/guava/10.0.1/guava-10.0.1.jar:/Users/antoinemulpas/.m2/repository/org/sonatype/sisu/sisu-guice/3.1.0/sisu-guice-3.1.0-no_aop.jar:/Users/antoinemulpas/.m2/repository/aopalliance/aopalliance/1.0/aopalliance-1.0.jar:/Users/antoinemulpas/.m2/repository/org/eclipse/sisu/org.eclipse.sisu.inject/0.0.0.M5/org.eclipse.sisu.inject-0.0.0.M5.jar:/Users/antoinemulpas/.m2/repository/org/apache/maven/shared/maven-shared-utils/3.3.4/maven-shared-utils-3.3.4.jar:/Users/antoinemulpas/.m2/repository/org/apache/maven/doxia/doxia-core/1.11.1/doxia-core-1.11.1.jar:/Users/antoinemulpas/.m2/repository/org/apache/maven/doxia/doxia-logging-api/1.11.1/doxia-logging-api-1.11.1.jar:/Users/antoinemulpas/.m2/repository/org/apache/httpcomponents/httpclient/4.5.13/httpclient-4.5.13.jar:/Users/antoinemulpas/.m2/repository/org/apache/httpcomponents/httpcore/4.4.14/httpcore-4.4.14.jar:/Users/antoinemulpas/.m2/repository/org/apache/maven/doxia/doxia-sink-api/1.11.1/doxia-sink-api-1.11.1.jar:/Users/antoinemulpas/.m2/repository/org/apache/maven/doxia/doxia-decoration-model/1.11.1/doxia-decoration-model-1.11.1.jar:/Users/antoinemulpas/.m2/repository/org/apache/maven/doxia/doxia-site-renderer/1.11.1/doxia-site-renderer-1.11.1.jar:/Users/antoinemulpas/.m2/repository/org/apache/maven/doxia/doxia-skin-model/1.11.1/doxia-skin-model-1.11.1.jar:/Users/antoinemulpas/.m2/repository/org/apache/maven/doxia/doxia-module-xhtml/1.11.1/doxia-module-xhtml-1.11.1.jar:/Users/antoinemulpas/.m2/repository/org/apache/maven/doxia/doxia-module-xhtml5/1.11.1/doxia-module-xhtml5-1.11.1.jar:/Users/antoinemulpas/.m2/repository/org/codehaus/plexus/plexus-i18n/1.0-beta-10/plexus-i18n-1.0-beta-10.jar:/Users/antoinemulpas/.m2/repository/org/codehaus/plexus/plexus-velocity/1.2/plexus-velocity-1.2.jar:/Users/antoinemulpas/.m2/repository/org/apache/velocity/velocity/1.7/velocity-1.7.jar:/Users/antoinemulpas/.m2/repository/org/apache/velocity/velocity-tools/2.0/velocity-tools-2.0.jar:/Users/antoinemulpas/.m2/repository/oro/oro/2.0.8/oro-2.0.8.jar:/Users/antoinemulpas/.m2/repository/org/apache/maven/doxia/doxia-integration-tools/1.11.1/doxia-integration-tools-1.11.1.jar:/Users/antoinemulpas/.m2/repository/commons-beanutils/commons-beanutils/1.9.4/commons-beanutils-1.9.4.jar:/Users/antoinemulpas/.m2/repository/commons-chain/commons-chain/1.2/commons-chain-1.2.jar:/Users/antoinemulpas/.m2/repository/commons-codec/commons-codec/1.15/commons-codec-1.15.jar:/Users/antoinemulpas/.m2/repository/commons-collections/commons-collections/3.2.2/commons-collections-3.2.2.jar:/Users/antoinemulpas/.m2/repository/commons-digester/commons-digester/2.1/commons-digester-2.1.jar:/Users/antoinemulpas/.m2/repository/commons-io/commons-io/2.11.0/commons-io-2.11.0.jar:/Users/antoinemulpas/.m2/repository/commons-lang/commons-lang/2.6/commons-lang-2.6.jar:/Users/antoinemulpas/.m2/repository/org/apache/commons/commons-lang3/3.12.0/commons-lang3-3.12.0.jar:/Users/antoinemulpas/.m2/repository/org/codehaus/plexus/plexus-container-default/2.1.1/plexus-container-default-2.1.1.jar:/Users/antoinemulpas/.m2/repository/org/codehaus/plexus/plexus-classworlds/2.6.0/plexus-classworlds-2.6.0.jar:/Users/antoinemulpas/.m2/repository/org/apache/xbean/xbean-reflect/3.7/xbean-reflect-3.7.jar:/Users/antoinemulpas/.m2/repository/junit/junit/4.13.2/junit-4.13.2.jar:/Users/antoinemulpas/.m2/repository/org/hamcrest/hamcrest-core/1.3/hamcrest-core-1.3.jar:/Users/antoinemulpas/.m2/repository/org/codehaus/plexus/plexus-resources/1.2.0/plexus-resources-1.2.0.jar:/Users/antoinemulpas/.m2/repository/javax/inject/javax.inject/1/javax.inject-1.jar:/Users/antoinemulpas/.m2/repository/org/codehaus/plexus/plexus-utils/3.4.2/plexus-utils-3.4.2.jar:/Users/antoinemulpas/.m2/repository/org/ow2/asm/asm/9.3/asm-9.3.jar:/Users/antoinemulpas/.m2/repository/org/ow2/asm/asm-analysis/9.3/asm-analysis-9.3.jar:/Users/antoinemulpas/.m2/repository/org/ow2/asm/asm-commons/9.3/asm-commons-9.3.jar:/Users/antoinemulpas/.m2/repository/org/ow2/asm/asm-tree/9.3/asm-tree-9.3.jar:/Users/antoinemulpas/.m2/repository/org/ow2/asm/asm-util/9.3/asm-util-9.3.jar:/Users/antoinemulpas/.m2/repository/org/apache/logging/log4j/log4j-api/2.17.2/log4j-api-2.17.2.jar:/Users/antoinemulpas/.m2/repository/org/apache/logging/log4j/log4j-core/2.17.2/log4j-core-2.17.2.jar:/Users/antoinemulpas/.m2/repository/mysql/mysql-connector-java/8.0.29/mysql-connector-java-8.0.29.jar:/Users/antoinemulpas/.m2/repository/com/google/protobuf/protobuf-java/3.19.4/protobuf-java-3.19.4.jar:/Users/antoinemulpas/.m2/repository/org/junit/jupiter/junit-jupiter-api/5.8.2/junit-jupiter-api-5.8.2.jar:/Users/antoinemulpas/.m2/repository/org/opentest4j/opentest4j/1.2.0/opentest4j-1.2.0.jar:/Users/antoinemulpas/.m2/repository/org/junit/platform/junit-platform-commons/1.8.2/junit-platform-commons-1.8.2.jar:/Users/antoinemulpas/.m2/repository/org/apiguardian/apiguardian-api/1.1.2/apiguardian-api-1.1.2.jar:/Users/antoinemulpas/.m2/repository/org/junit/jupiter/junit-jupiter-engine/5.8.2/junit-jupiter-engine-5.8.2.jar:/Users/antoinemulpas/.m2/repository/org/junit/platform/junit-platform-engine/1.8.2/junit-platform-engine-1.8.2.jar:/Users/antoinemulpas/.m2/repository/org/mockito/mockito-junit-jupiter/4.6.1/mockito-junit-jupiter-4.6.1.jar:/Users/antoinemulpas/.m2/repository/org/mockito/mockito-core/4.6.1/mockito-core-4.6.1.jar:/Users/antoinemulpas/.m2/repository/net/bytebuddy/byte-buddy/1.12.10/byte-buddy-1.12.10.jar:/Users/antoinemulpas/.m2/repository/net/bytebuddy/byte-buddy-agent/1.12.10/byte-buddy-agent-1.12.10.jar:/Users/antoinemulpas/.m2/repository/org/objenesis/objenesis/3.2/objenesis-3.2.jar:/Users/antoinemulpas/.m2/repository/org/apache/maven/plugins/maven-assembly-plugin/3.3.0/maven-assembly-plugin-3.3.0.jar:/Users/antoinemulpas/.m2/repository/org/apache/maven/maven-plugin-api/3.0/maven-plugin-api-3.0.jar:/Users/antoinemulpas/.m2/repository/org/sonatype/sisu/sisu-inject-plexus/1.4.2/sisu-inject-plexus-1.4.2.jar:/Users/antoinemulpas/.m2/repository/org/sonatype/sisu/sisu-inject-bean/1.4.2/sisu-inject-bean-1.4.2.jar:/Users/antoinemulpas/.m2/repository/org/sonatype/sisu/sisu-guice/2.1.7/sisu-guice-2.1.7-noaop.jar:/Users/antoinemulpas/.m2/repository/org/apache/maven/maven-core/3.0/maven-core-3.0.jar:/Users/antoinemulpas/.m2/repository/org/apache/maven/maven-settings/3.0/maven-settings-3.0.jar:/Users/antoinemulpas/.m2/repository/org/apache/maven/maven-settings-builder/3.0/maven-settings-builder-3.0.jar:/Users/antoinemulpas/.m2/repository/org/apache/maven/maven-repository-metadata/3.0/maven-repository-metadata-3.0.jar:/Users/antoinemulpas/.m2/repository/org/apache/maven/maven-model-builder/3.0/maven-model-builder-3.0.jar:/Users/antoinemulpas/.m2/repository/org/apache/maven/maven-aether-provider/3.0/maven-aether-provider-3.0.jar:/Users/antoinemulpas/.m2/repository/org/sonatype/aether/aether-impl/1.7/aether-impl-1.7.jar:/Users/antoinemulpas/.m2/repository/org/sonatype/aether/aether-spi/1.7/aether-spi-1.7.jar:/Users/antoinemulpas/.m2/repository/org/sonatype/aether/aether-api/1.7/aether-api-1.7.jar:/Users/antoinemulpas/.m2/repository/org/sonatype/aether/aether-util/1.7/aether-util-1.7.jar:/Users/antoinemulpas/.m2/repository/org/sonatype/plexus/plexus-sec-dispatcher/1.3/plexus-sec-dispatcher-1.3.jar:/Users/antoinemulpas/.m2/repository/org/sonatype/plexus/plexus-cipher/1.4/plexus-cipher-1.4.jar:/Users/antoinemulpas/.m2/repository/org/apache/maven/maven-artifact/3.0/maven-artifact-3.0.jar:/Users/antoinemulpas/.m2/repository/org/apache/maven/maven-model/3.0/maven-model-3.0.jar:/Users/antoinemulpas/.m2/repository/org/codehaus/plexus/plexus-interpolation/1.25/plexus-interpolation-1.25.jar:/Users/antoinemulpas/.m2/repository/org/codehaus/plexus/plexus-archiver/4.2.1/plexus-archiver-4.2.1.jar:/Users/antoinemulpas/.m2/repository/org/apache/commons/commons-compress/1.19/commons-compress-1.19.jar:/Users/antoinemulpas/.m2/repository/org/iq80/snappy/snappy/0.4/snappy-0.4.jar:/Users/antoinemulpas/.m2/repository/org/tukaani/xz/1.8/xz-1.8.jar:/Users/antoinemulpas/.m2/repository/org/apache/maven/shared/file-management/3.0.0/file-management-3.0.0.jar:/Users/antoinemulpas/.m2/repository/org/apache/maven/shared/maven-shared-io/3.0.0/maven-shared-io-3.0.0.jar:/Users/antoinemulpas/.m2/repository/org/apache/maven/maven-compat/3.0/maven-compat-3.0.jar:/Users/antoinemulpas/.m2/repository/org/apache/maven/wagon/wagon-provider-api/2.10/wagon-provider-api-2.10.jar:/Users/antoinemulpas/.m2/repository/org/apache/maven/shared/maven-filtering/3.1.1/maven-filtering-3.1.1.jar:/Users/antoinemulpas/.m2/repository/org/sonatype/plexus/plexus-build-api/0.0.7/plexus-build-api-0.0.7.jar:/Users/antoinemulpas/.m2/repository/org/codehaus/plexus/plexus-io/3.2.0/plexus-io-3.2.0.jar:/Users/antoinemulpas/.m2/repository/org/apache/maven/maven-archiver/3.5.0/maven-archiver-3.5.0.jar:/Users/antoinemulpas/.m2/repository/org/jacoco/jacoco-maven-plugin/0.8.8/jacoco-maven-plugin-0.8.8.jar:/Users/antoinemulpas/.m2/repository/org/jacoco/org.jacoco.agent/0.8.8/org.jacoco.agent-0.8.8-runtime.jar:/Users/antoinemulpas/.m2/repository/org/jacoco/org.jacoco.core/0.8.8/org.jacoco.core-0.8.8.jar:/Users/antoinemulpas/.m2/repository/org/jacoco/org.jacoco.report/0.8.8/org.jacoco.report-0.8.8.jar:/Users/antoinemulpas/.m2/repository/com/h2database/h2/2.1.214/h2-2.1.214.jar:/Users/antoinemulpas/.m2/repository/org/projectlombok/lombok/1.18.24/lombok-1.18.24.jar:/Users/antoinemulpas/.m2/repository/org/apache/maven/plugins/maven-surefire-report-plugin/3.0.0-M7/maven-surefire-report-plugin-3.0.0-M7.jar:/Users/antoinemulpas/.m2/repository/org/apache/maven/surefire/surefire-report-parser/3.0.0-M7/surefire-report-parser-3.0.0-M7.jar:/Users/antoinemulpas/.m2/repository/org/apache/maven/surefire/surefire-logger-api/3.0.0-M7/surefire-logger-api-3.0.0-M7.jar:"/>
    <property name="java.vm.vendor" value="Azul Systems, Inc."/>
    <property name="sun.arch.data.model" value="64"/>
    <property name="java.vendor.url" value="http://www.azul.com/"/>
    <property name="os.name" value="Mac OS X"/>
    <property name="java.vm.specification.version" value="16"/>
    <property name="sun.java.launcher" value="SUN_STANDARD"/>
    <property name="user.country" value="FR"/>
    <property name="sun.boot.library.path" value="/Users/antoinemulpas/Library/Java/JavaVirtualMachines/azul-16.0.2/Contents/Home/lib"/>
    <property name="sun.java.command" value="/Users/antoinemulpas/Documents/OpenClassrooms/parkingsystem-master/target/surefire/surefirebooter6145977712116610202.jar /Users/antoinemulpas/Documents/OpenClassrooms/parkingsystem-master/target/surefire 2022-07-10T17-41-57_378-jvmRun1 surefire5070781622701597410tmp surefire_01812272135197475581tmp"/>
    <property name="http.nonProxyHosts" value="local|*.local|169.254/16|*.169.254/16"/>
    <property name="jdk.debug" value="release"/>
    <property name="surefire.test.class.path" value="/Users/antoinemulpas/Documents/OpenClassrooms/parkingsystem-master/target/test-classes:/Users/antoinemulpas/Documents/OpenClassrooms/parkingsystem-master/target/classes:/Users/antoinemulpas/.m2/repository/com/github/spotbugs/spotbugs-maven-plugin/4.7.0.0/spotbugs-maven-plugin-4.7.0.0.jar:/Users/antoinemulpas/.m2/repository/com/github/spotbugs/spotbugs/4.7.0/spotbugs-4.7.0.jar:/Users/antoinemulpas/.m2/repository/org/apache/bcel/bcel/6.5.0/bcel-6.5.0.jar:/Users/antoinemulpas/.m2/repository/net/jcip/jcip-annotations/1.0/jcip-annotations-1.0.jar:/Users/antoinemulpas/.m2/repository/org/dom4j/dom4j/2.1.3/dom4j-2.1.3.jar:/Users/antoinemulpas/.m2/repository/org/apache/commons/commons-text/1.9/commons-text-1.9.jar:/Users/antoinemulpas/.m2/repository/com/github/spotbugs/spotbugs-annotations/4.7.0/spotbugs-annotations-4.7.0.jar:/Users/antoinemulpas/.m2/repository/com/google/code/findbugs/jsr305/3.0.2/jsr305-3.0.2.jar:/Users/antoinemulpas/.m2/repository/com/google/code/gson/gson/2.9.0/gson-2.9.0.jar:/Users/antoinemulpas/.m2/repository/jaxen/jaxen/1.2.0/jaxen-1.2.0.jar:/Users/antoinemulpas/.m2/repository/net/sf/saxon/Saxon-HE/11.3/Saxon-HE-11.3.jar:/Users/antoinemulpas/.m2/repository/org/xmlresolver/xmlresolver/4.2.0/xmlresolver-4.2.0.jar:/Users/antoinemulpas/.m2/repository/xml-apis/xml-apis/1.4.01/xml-apis-1.4.01.jar:/Users/antoinemulpas/.m2/repository/org/xmlresolver/xmlresolver/4.2.0/xmlresolver-4.2.0-data.jar:/Users/antoinemulpas/.m2/repository/org/slf4j/jcl-over-slf4j/1.7.36/jcl-over-slf4j-1.7.36.jar:/Users/antoinemulpas/.m2/repository/org/slf4j/slf4j-api/1.7.36/slf4j-api-1.7.36.jar:/Users/antoinemulpas/.m2/repository/org/slf4j/slf4j-simple/1.7.36/slf4j-simple-1.7.36.jar:/Users/antoinemulpas/.m2/repository/org/apache/ant/ant/1.10.12/ant-1.10.12.jar:/Users/antoinemulpas/.m2/repository/org/apache/ant/ant-launcher/1.10.12/ant-launcher-1.10.12.jar:/Users/antoinemulpas/.m2/repository/org/apache/groovy/groovy/4.0.2/groovy-4.0.2.jar:/Users/antoinemulpas/.m2/repository/org/apache/groovy/groovy-ant/4.0.2/groovy-ant-4.0.2.jar:/Users/antoinemulpas/.m2/repository/org/apache/groovy/groovy-groovydoc/4.0.2/groovy-groovydoc-4.0.2.jar:/Users/antoinemulpas/.m2/repository/org/apache/groovy/groovy-dateutil/4.0.2/groovy-dateutil-4.0.2.jar:/Users/antoinemulpas/.m2/repository/org/apache/groovy/groovy-docgenerator/4.0.2/groovy-docgenerator-4.0.2.jar:/Users/antoinemulpas/.m2/repository/com/thoughtworks/qdox/qdox/1.12.1/qdox-1.12.1.jar:/Users/antoinemulpas/.m2/repository/org/apache/groovy/groovy-json/4.0.2/groovy-json-4.0.2.jar:/Users/antoinemulpas/.m2/repository/org/apache/groovy/groovy-templates/4.0.2/groovy-templates-4.0.2.jar:/Users/antoinemulpas/.m2/repository/org/apache/groovy/groovy-xml/4.0.2/groovy-xml-4.0.2.jar:/Users/antoinemulpas/.m2/repository/org/apache/maven/reporting/maven-reporting-impl/3.1.0/maven-reporting-impl-3.1.0.jar:/Users/antoinemulpas/.m2/repository/org/apache/maven/reporting/maven-reporting-api/3.1.0/maven-reporting-api-3.1.0.jar:/Users/antoinemulpas/.m2/repository/org/apache/maven/shared/maven-artifact-transfer/0.13.1/maven-artifact-transfer-0.13.1.jar:/Users/antoinemulpas/.m2/repository/org/codehaus/plexus/plexus-component-annotations/2.0.0/plexus-component-annotations-2.0.0.jar:/Users/antoinemulpas/.m2/repository/org/apache/maven/shared/maven-common-artifact-filters/3.2.0/maven-common-artifact-filters-3.2.0.jar:/Users/antoinemulpas/.m2/repository/org/eclipse/aether/aether-api/0.9.0.M2/aether-api-0.9.0.M2.jar:/Users/antoinemulpas/.m2/repository/org/eclipse/aether/aether-util/0.9.0.M2/aether-util-0.9.0.M2.jar:/Users/antoinemulpas/.m2/repository/org/eclipse/sisu/org.eclipse.sisu.plexus/0.0.0.M5/org.eclipse.sisu.plexus-0.0.0.M5.jar:/Users/antoinemulpas/.m2/repository/javax/enterprise/cdi-api/1.0/cdi-api-1.0.jar:/Users/antoinemulpas/.m2/repository/javax/annotation/jsr250-api/1.0/jsr250-api-1.0.jar:/Users/antoinemulpas/.m2/repository/com/google/guava/guava/10.0.1/guava-10.0.1.jar:/Users/antoinemulpas/.m2/repository/org/sonatype/sisu/sisu-guice/3.1.0/sisu-guice-3.1.0-no_aop.jar:/Users/antoinemulpas/.m2/repository/aopalliance/aopalliance/1.0/aopalliance-1.0.jar:/Users/antoinemulpas/.m2/repository/org/eclipse/sisu/org.eclipse.sisu.inject/0.0.0.M5/org.eclipse.sisu.inject-0.0.0.M5.jar:/Users/antoinemulpas/.m2/repository/org/apache/maven/shared/maven-shared-utils/3.3.4/maven-shared-utils-3.3.4.jar:/Users/antoinemulpas/.m2/repository/org/apache/maven/doxia/doxia-core/1.11.1/doxia-core-1.11.1.jar:/Users/antoinemulpas/.m2/repository/org/apache/maven/doxia/doxia-logging-api/1.11.1/doxia-logging-api-1.11.1.jar:/Users/antoinemulpas/.m2/repository/org/apache/httpcomponents/httpclient/4.5.13/httpclient-4.5.13.jar:/Users/antoinemulpas/.m2/repository/org/apache/httpcomponents/httpcore/4.4.14/httpcore-4.4.14.jar:/Users/antoinemulpas/.m2/repository/org/apache/maven/doxia/doxia-sink-api/1.11.1/doxia-sink-api-1.11.1.jar:/Users/antoinemulpas/.m2/repository/org/apache/maven/doxia/doxia-decoration-model/1.11.1/doxia-decoration-model-1.11.1.jar:/Users/antoinemulpas/.m2/repository/org/apache/maven/doxia/doxia-site-renderer/1.11.1/doxia-site-renderer-1.11.1.jar:/Users/antoinemulpas/.m2/repository/org/apache/maven/doxia/doxia-skin-model/1.11.1/doxia-skin-model-1.11.1.jar:/Users/antoinemulpas/.m2/repository/org/apache/maven/doxia/doxia-module-xhtml/1.11.1/doxia-module-xhtml-1.11.1.jar:/Users/antoinemulpas/.m2/repository/org/apache/maven/doxia/doxia-module-xhtml5/1.11.1/doxia-module-xhtml5-1.11.1.jar:/Users/antoinemulpas/.m2/repository/org/codehaus/plexus/plexus-i18n/1.0-beta-10/plexus-i18n-1.0-beta-10.jar:/Users/antoinemulpas/.m2/repository/org/codehaus/plexus/plexus-velocity/1.2/plexus-velocity-1.2.jar:/Users/antoinemulpas/.m2/repository/org/apache/velocity/velocity/1.7/velocity-1.7.jar:/Users/antoinemulpas/.m2/repository/org/apache/velocity/velocity-tools/2.0/velocity-tools-2.0.jar:/Users/antoinemulpas/.m2/repository/oro/oro/2.0.8/oro-2.0.8.jar:/Users/antoinemulpas/.m2/repository/org/apache/maven/doxia/doxia-integration-tools/1.11.1/doxia-integration-tools-1.11.1.jar:/Users/antoinemulpas/.m2/repository/commons-beanutils/commons-beanutils/1.9.4/commons-beanutils-1.9.4.jar:/Users/antoinemulpas/.m2/repository/commons-chain/commons-chain/1.2/commons-chain-1.2.jar:/Users/antoinemulpas/.m2/repository/commons-codec/commons-codec/1.15/commons-codec-1.15.jar:/Users/antoinemulpas/.m2/repository/commons-collections/commons-collections/3.2.2/commons-collections-3.2.2.jar:/Users/antoinemulpas/.m2/repository/commons-digester/commons-digester/2.1/commons-digester-2.1.jar:/Users/antoinemulpas/.m2/repository/commons-io/commons-io/2.11.0/commons-io-2.11.0.jar:/Users/antoinemulpas/.m2/repository/commons-lang/commons-lang/2.6/commons-lang-2.6.jar:/Users/antoinemulpas/.m2/repository/org/apache/commons/commons-lang3/3.12.0/commons-lang3-3.12.0.jar:/Users/antoinemulpas/.m2/repository/org/codehaus/plexus/plexus-container-default/2.1.1/plexus-container-default-2.1.1.jar:/Users/antoinemulpas/.m2/repository/org/codehaus/plexus/plexus-classworlds/2.6.0/plexus-classworlds-2.6.0.jar:/Users/antoinemulpas/.m2/repository/org/apache/xbean/xbean-reflect/3.7/xbean-reflect-3.7.jar:/Users/antoinemulpas/.m2/repository/junit/junit/4.13.2/junit-4.13.2.jar:/Users/antoinemulpas/.m2/repository/org/hamcrest/hamcrest-core/1.3/hamcrest-core-1.3.jar:/Users/antoinemulpas/.m2/repository/org/codehaus/plexus/plexus-resources/1.2.0/plexus-resources-1.2.0.jar:/Users/antoinemulpas/.m2/repository/javax/inject/javax.inject/1/javax.inject-1.jar:/Users/antoinemulpas/.m2/repository/org/codehaus/plexus/plexus-utils/3.4.2/plexus-utils-3.4.2.jar:/Users/antoinemulpas/.m2/repository/org/ow2/asm/asm/9.3/asm-9.3.jar:/Users/antoinemulpas/.m2/repository/org/ow2/asm/asm-analysis/9.3/asm-analysis-9.3.jar:/Users/antoinemulpas/.m2/repository/org/ow2/asm/asm-commons/9.3/asm-commons-9.3.jar:/Users/antoinemulpas/.m2/repository/org/ow2/asm/asm-tree/9.3/asm-tree-9.3.jar:/Users/antoinemulpas/.m2/repository/org/ow2/asm/asm-util/9.3/asm-util-9.3.jar:/Users/antoinemulpas/.m2/repository/org/apache/logging/log4j/log4j-api/2.17.2/log4j-api-2.17.2.jar:/Users/antoinemulpas/.m2/repository/org/apache/logging/log4j/log4j-core/2.17.2/log4j-core-2.17.2.jar:/Users/antoinemulpas/.m2/repository/mysql/mysql-connector-java/8.0.29/mysql-connector-java-8.0.29.jar:/Users/antoinemulpas/.m2/repository/com/google/protobuf/protobuf-java/3.19.4/protobuf-java-3.19.4.jar:/Users/antoinemulpas/.m2/repository/org/junit/jupiter/junit-jupiter-api/5.8.2/junit-jupiter-api-5.8.2.jar:/Users/antoinemulpas/.m2/repository/org/opentest4j/opentest4j/1.2.0/opentest4j-1.2.0.jar:/Users/antoinemulpas/.m2/repository/org/junit/platform/junit-platform-commons/1.8.2/junit-platform-commons-1.8.2.jar:/Users/antoinemulpas/.m2/repository/org/apiguardian/apiguardian-api/1.1.2/apiguardian-api-1.1.2.jar:/Users/antoinemulpas/.m2/repository/org/junit/jupiter/junit-jupiter-engine/5.8.2/junit-jupiter-engine-5.8.2.jar:/Users/antoinemulpas/.m2/repository/org/junit/platform/junit-platform-engine/1.8.2/junit-platform-engine-1.8.2.jar:/Users/antoinemulpas/.m2/repository/org/mockito/mockito-junit-jupiter/4.6.1/mockito-junit-jupiter-4.6.1.jar:/Users/antoinemulpas/.m2/repository/org/mockito/mockito-core/4.6.1/mockito-core-4.6.1.jar:/Users/antoinemulpas/.m2/repository/net/bytebuddy/byte-buddy/1.12.10/byte-buddy-1.12.10.jar:/Users/antoinemulpas/.m2/repository/net/bytebuddy/byte-buddy-agent/1.12.10/byte-buddy-agent-1.12.10.jar:/Users/antoinemulpas/.m2/repository/org/objenesis/objenesis/3.2/objenesis-3.2.jar:/Users/antoinemulpas/.m2/repository/org/apache/maven/plugins/maven-assembly-plugin/3.3.0/maven-assembly-plugin-3.3.0.jar:/Users/antoinemulpas/.m2/repository/org/apache/maven/maven-plugin-api/3.0/maven-plugin-api-3.0.jar:/Users/antoinemulpas/.m2/repository/org/sonatype/sisu/sisu-inject-plexus/1.4.2/sisu-inject-plexus-1.4.2.jar:/Users/antoinemulpas/.m2/repository/org/sonatype/sisu/sisu-inject-bean/1.4.2/sisu-inject-bean-1.4.2.jar:/Users/antoinemulpas/.m2/repository/org/sonatype/sisu/sisu-guice/2.1.7/sisu-guice-2.1.7-noaop.jar:/Users/antoinemulpas/.m2/repository/org/apache/maven/maven-core/3.0/maven-core-3.0.jar:/Users/antoinemulpas/.m2/repository/org/apache/maven/maven-settings/3.0/maven-settings-3.0.jar:/Users/antoinemulpas/.m2/repository/org/apache/maven/maven-settings-builder/3.0/maven-settings-builder-3.0.jar:/Users/antoinemulpas/.m2/repository/org/apache/maven/maven-repository-metadata/3.0/maven-repository-metadata-3.0.jar:/Users/antoinemulpas/.m2/repository/org/apache/maven/maven-model-builder/3.0/maven-model-builder-3.0.jar:/Users/antoinemulpas/.m2/repository/org/apache/maven/maven-aether-provider/3.0/maven-aether-provider-3.0.jar:/Users/antoinemulpas/.m2/repository/org/sonatype/aether/aether-impl/1.7/aether-impl-1.7.jar:/Users/antoinemulpas/.m2/repository/org/sonatype/aether/aether-spi/1.7/aether-spi-1.7.jar:/Users/antoinemulpas/.m2/repository/org/sonatype/aether/aether-api/1.7/aether-api-1.7.jar:/Users/antoinemulpas/.m2/repository/org/sonatype/aether/aether-util/1.7/aether-util-1.7.jar:/Users/antoinemulpas/.m2/repository/org/sonatype/plexus/plexus-sec-dispatcher/1.3/plexus-sec-dispatcher-1.3.jar:/Users/antoinemulpas/.m2/repository/org/sonatype/plexus/plexus-cipher/1.4/plexus-cipher-1.4.jar:/Users/antoinemulpas/.m2/repository/org/apache/maven/maven-artifact/3.0/maven-artifact-3.0.jar:/Users/antoinemulpas/.m2/repository/org/apache/maven/maven-model/3.0/maven-model-3.0.jar:/Users/antoinemulpas/.m2/repository/org/codehaus/plexus/plexus-interpolation/1.25/plexus-interpolation-1.25.jar:/Users/antoinemulpas/.m2/repository/org/codehaus/plexus/plexus-archiver/4.2.1/plexus-archiver-4.2.1.jar:/Users/antoinemulpas/.m2/repository/org/apache/commons/commons-compress/1.19/commons-compress-1.19.jar:/Users/antoinemulpas/.m2/repository/org/iq80/snappy/snappy/0.4/snappy-0.4.jar:/Users/antoinemulpas/.m2/repository/org/tukaani/xz/1.8/xz-1.8.jar:/Users/antoinemulpas/.m2/repository/org/apache/maven/shared/file-management/3.0.0/file-management-3.0.0.jar:/Users/antoinemulpas/.m2/repository/org/apache/maven/shared/maven-shared-io/3.0.0/maven-shared-io-3.0.0.jar:/Users/antoinemulpas/.m2/repository/org/apache/maven/maven-compat/3.0/maven-compat-3.0.jar:/Users/antoinemulpas/.m2/repository/org/apache/maven/wagon/wagon-provider-api/2.10/wagon-provider-api-2.10.jar:/Users/antoinemulpas/.m2/repository/org/apache/maven/shared/maven-filtering/3.1.1/maven-filtering-3.1.1.jar:/Users/antoinemulpas/.m2/repository/org/sonatype/plexus/plexus-build-api/0.0.7/plexus-build-api-0.0.7.jar:/Users/antoinemulpas/.m2/repository/org/codehaus/plexus/plexus-io/3.2.0/plexus-io-3.2.0.jar:/Users/antoinemulpas/.m2/repository/org/apache/maven/maven-archiver/3.5.0/maven-archiver-3.5.0.jar:/Users/antoinemulpas/.m2/repository/org/jacoco/jacoco-maven-plugin/0.8.8/jacoco-maven-plugin-0.8.8.jar:/Users/antoinemulpas/.m2/repository/org/jacoco/org.jacoco.agent/0.8.8/org.jacoco.agent-0.8.8-runtime.jar:/Users/antoinemulpas/.m2/repository/org/jacoco/org.jacoco.core/0.8.8/org.jacoco.core-0.8.8.jar:/Users/antoinemulpas/.m2/repository/org/jacoco/org.jacoco.report/0.8.8/org.jacoco.report-0.8.8.jar:/Users/antoinemulpas/.m2/repository/com/h2database/h2/2.1.214/h2-2.1.214.jar:/Users/antoinemulpas/.m2/repository/org/projectlombok/lombok/1.18.24/lombok-1.18.24.jar:/Users/antoinemulpas/.m2/repository/org/apache/maven/plugins/maven-surefire-report-plugin/3.0.0-M7/maven-surefire-report-plugin-3.0.0-M7.jar:/Users/antoinemulpas/.m2/repository/org/apache/maven/surefire/surefire-report-parser/3.0.0-M7/surefire-report-parser-3.0.0-M7.jar:/Users/antoinemulpas/.m2/repository/org/apache/maven/surefire/surefire-logger-api/3.0.0-M7/surefire-logger-api-3.0.0-M7.jar:"/>
    <property name="sun.cpu.endian" value="little"/>
    <property name="user.home" value="/Users/antoinemulpas"/>
    <property name="user.language" value="fr"/>
    <property name="java.specification.vendor" value="Oracle Corporation"/>
    <property name="java.version.date" value="2021-07-20"/>
    <property name="java.home" value="/Users/antoinemulpas/Library/Java/JavaVirtualMachines/azul-16.0.2/Contents/Home"/>
    <property name="file.separator" value="/"/>
    <property name="basedir" value="/Users/antoinemulpas/Documents/OpenClassrooms/parkingsystem-master"/>
    <property name="java.vm.compressedOopsMode" value="Zero based"/>
    <property name="line.separator" value="&#10;"/>
    <property name="java.specification.name" value="Java Platform API Specification"/>
    <property name="java.vm.specification.vendor" value="Oracle Corporation"/>
    <property name="surefire.real.class.path" value="/Users/antoinemulpas/Documents/OpenClassrooms/parkingsystem-master/target/surefire/surefirebooter6145977712116610202.jar"/>
    <property name="sun.management.compiler" value="HotSpot 64-Bit Tiered Compilers"/>
    <property name="ftp.nonProxyHosts" value="local|*.local|169.254/16|*.169.254/16"/>
    <property name="java.runtime.version" value="16.0.2+7"/>
    <property name="user.name" value="antoinemulpas"/>
    <property name="path.separator" value=":"/>
    <property name="os.version" value="12.3.1"/>
    <property name="java.runtime.name" value="OpenJDK Runtime Environment"/>
    <property name="file.encoding" value="UTF-8"/>
    <property name="java.vm.name" value="OpenJDK 64-Bit Server VM"/>
    <property name="java.vendor.version" value="Zulu16.32+15-CA"/>
    <property name="localRepository" value="/Users/antoinemulpas/.m2/repository"/>
    <property name="java.vendor.url.bug" value="http://www.azul.com/support/"/>
    <property name="java.io.tmpdir" value="/var/folders/mx/32vg48ts6jx3hjw69hh9wgsc0000gn/T/"/>
    <property name="idea.version" value="2021.3.1"/>
    <property name="java.version" value="16.0.2"/>
    <property name="user.dir" value="/Users/antoinemulpas/Documents/OpenClassrooms/parkingsystem-master"/>
    <property name="os.arch" value="aarch64"/>
    <property name="java.vm.specification.name" value="Java Virtual Machine Specification"/>
    <property name="java.library.path" value="/Users/antoinemulpas/Library/Java/Extensions:/Library/Java/Extensions:/Network/Library/Java/Extensions:/System/Library/Java/Extensions:/usr/lib/java:."/>
    <property name="java.vm.info" value="mixed mode"/>
    <property name="java.vendor" value="Azul Systems, Inc."/>
    <property name="java.vm.version" value="16.0.2+7"/>
    <property name="sun.io.unicode.encoding" value="UnicodeBig"/>
    <property name="socksNonProxyHosts" value="local|*.local|169.254/16|*.169.254/16"/>
    <property name="java.class.version" value="60.0"/>
  </properties>
  <testcase name="saveTicket" classname="com.parkit.parkingsystem.dao.TicketDAOTest" time="0.324"/>
  <testcase name="getTicket" classname="com.parkit.parkingsystem.dao.TicketDAOTest" time="0.036"/>
  <testcase name="updateTicket" classname="com.parkit.parkingsystem.dao.TicketDAOTest" time="0.025"/>
</testsuite>